
Log Entry : 
12/15/2017 19:48:51
Error in: . Error Message:hilo #6: System.InvalidOperationException: unknown error: cannot find Chrome binary
  (Driver info: chromedriver=2.33.506120 (e3e53437346286c0bc2d2dc9aa4915ba81d9023f),platform=Windows NT 10.0.16299 x86_64)
   en OpenQA.Selenium.Remote.RemoteWebDriver.UnpackAndThrowOnError(Response errorResponse)
   en OpenQA.Selenium.Remote.RemoteWebDriver.Execute(String driverCommandToExecute, Dictionary`2 parameters)
   en OpenQA.Selenium.Remote.RemoteWebDriver.StartSession(ICapabilities desiredCapabilities)
   en OpenQA.Selenium.Remote.RemoteWebDriver..ctor(ICommandExecutor commandExecutor, ICapabilities desiredCapabilities)
   en OpenQA.Selenium.Chrome.ChromeDriver..ctor(ChromeDriverService service, ChromeOptions options)
   en ServicioCartaPorte.servi.UrenportSelenium_ConChromeHeadless(String directorioDescarga, String dirDriver, Boolean bHeadless) en C:\Users\Mariano\Documents\pronto\InterfazFlexicapture\prontoflexicapture.cs:línea 8060
   en ProntoWindowsService.Service1.DoWorkSoloPegatinas() en C:\Users\Mariano\Documents\pronto\ProntoWindowsService\Service1.cs:línea 883
__________________________

Log Entry : 
12/15/2017 19:48:51
Error in: . Error Message:System.InvalidOperationException
unknown error: cannot find Chrome binary
  (Driver info: chromedriver=2.33.506120 (e3e53437346286c0bc2d2dc9aa4915ba81d9023f),platform=Windows NT 10.0.16299 x86_64)
   en OpenQA.Selenium.Remote.RemoteWebDriver.UnpackAndThrowOnError(Response errorResponse)
   en OpenQA.Selenium.Remote.RemoteWebDriver.Execute(String driverCommandToExecute, Dictionary`2 parameters)
   en OpenQA.Selenium.Remote.RemoteWebDriver.StartSession(ICapabilities desiredCapabilities)
   en OpenQA.Selenium.Remote.RemoteWebDriver..ctor(ICommandExecutor commandExecutor, ICapabilities desiredCapabilities)
   en OpenQA.Selenium.Chrome.ChromeDriver..ctor(ChromeDriverService service, ChromeOptions options)
   en ServicioCartaPorte.servi.UrenportSelenium_ConChromeHeadless(String directorioDescarga, String dirDriver, Boolean bHeadless) en C:\Users\Mariano\Documents\pronto\InterfazFlexicapture\prontoflexicapture.cs:línea 8060
   en ProntoWindowsService.Service1.DoWorkSoloPegatinas() en C:\Users\Mariano\Documents\pronto\ProntoWindowsService\Service1.cs:línea 883
WebDriver
__________________________

Log Entry : 
12/15/2017 19:48:54
Error in: . Error Message:hilo #6: System.InvalidOperationException: unknown error: cannot find Chrome binary
  (Driver info: chromedriver=2.33.506120 (e3e53437346286c0bc2d2dc9aa4915ba81d9023f),platform=Windows NT 10.0.16299 x86_64)
   en OpenQA.Selenium.Remote.RemoteWebDriver.UnpackAndThrowOnError(Response errorResponse)
   en OpenQA.Selenium.Remote.RemoteWebDriver.Execute(String driverCommandToExecute, Dictionary`2 parameters)
   en OpenQA.Selenium.Remote.RemoteWebDriver.StartSession(ICapabilities desiredCapabilities)
   en OpenQA.Selenium.Remote.RemoteWebDriver..ctor(ICommandExecutor commandExecutor, ICapabilities desiredCapabilities)
   en OpenQA.Selenium.Chrome.ChromeDriver..ctor(ChromeDriverService service, ChromeOptions options)
   en ServicioCartaPorte.servi.UrenportSelenium_ConChromeHeadless(String directorioDescarga, String dirDriver, Boolean bHeadless) en C:\Users\Mariano\Documents\pronto\InterfazFlexicapture\prontoflexicapture.cs:línea 8060
   en ProntoWindowsService.Service1.DoWorkSoloPegatinas() en C:\Users\Mariano\Documents\pronto\ProntoWindowsService\Service1.cs:línea 883
__________________________

Log Entry : 
12/15/2017 19:48:54
Error in: . Error Message:System.InvalidOperationException
unknown error: cannot find Chrome binary
  (Driver info: chromedriver=2.33.506120 (e3e53437346286c0bc2d2dc9aa4915ba81d9023f),platform=Windows NT 10.0.16299 x86_64)
   en OpenQA.Selenium.Remote.RemoteWebDriver.UnpackAndThrowOnError(Response errorResponse)
   en OpenQA.Selenium.Remote.RemoteWebDriver.Execute(String driverCommandToExecute, Dictionary`2 parameters)
   en OpenQA.Selenium.Remote.RemoteWebDriver.StartSession(ICapabilities desiredCapabilities)
   en OpenQA.Selenium.Remote.RemoteWebDriver..ctor(ICommandExecutor commandExecutor, ICapabilities desiredCapabilities)
   en OpenQA.Selenium.Chrome.ChromeDriver..ctor(ChromeDriverService service, ChromeOptions options)
   en ServicioCartaPorte.servi.UrenportSelenium_ConChromeHeadless(String directorioDescarga, String dirDriver, Boolean bHeadless) en C:\Users\Mariano\Documents\pronto\InterfazFlexicapture\prontoflexicapture.cs:línea 8060
   en ProntoWindowsService.Service1.DoWorkSoloPegatinas() en C:\Users\Mariano\Documents\pronto\ProntoWindowsService\Service1.cs:línea 883
WebDriver
__________________________

Log Entry : 
12/15/2017 19:48:57
Error in: . Error Message:hilo #6: System.InvalidOperationException: unknown error: cannot find Chrome binary
  (Driver info: chromedriver=2.33.506120 (e3e53437346286c0bc2d2dc9aa4915ba81d9023f),platform=Windows NT 10.0.16299 x86_64)
   en OpenQA.Selenium.Remote.RemoteWebDriver.UnpackAndThrowOnError(Response errorResponse)
   en OpenQA.Selenium.Remote.RemoteWebDriver.Execute(String driverCommandToExecute, Dictionary`2 parameters)
   en OpenQA.Selenium.Remote.RemoteWebDriver.StartSession(ICapabilities desiredCapabilities)
   en OpenQA.Selenium.Remote.RemoteWebDriver..ctor(ICommandExecutor commandExecutor, ICapabilities desiredCapabilities)
   en OpenQA.Selenium.Chrome.ChromeDriver..ctor(ChromeDriverService service, ChromeOptions options)
   en ServicioCartaPorte.servi.UrenportSelenium_ConChromeHeadless(String directorioDescarga, String dirDriver, Boolean bHeadless) en C:\Users\Mariano\Documents\pronto\InterfazFlexicapture\prontoflexicapture.cs:línea 8060
   en ProntoWindowsService.Service1.DoWorkSoloPegatinas() en C:\Users\Mariano\Documents\pronto\ProntoWindowsService\Service1.cs:línea 883
__________________________

Log Entry : 
12/15/2017 19:48:57
Error in: . Error Message:System.InvalidOperationException
unknown error: cannot find Chrome binary
  (Driver info: chromedriver=2.33.506120 (e3e53437346286c0bc2d2dc9aa4915ba81d9023f),platform=Windows NT 10.0.16299 x86_64)
   en OpenQA.Selenium.Remote.RemoteWebDriver.UnpackAndThrowOnError(Response errorResponse)
   en OpenQA.Selenium.Remote.RemoteWebDriver.Execute(String driverCommandToExecute, Dictionary`2 parameters)
   en OpenQA.Selenium.Remote.RemoteWebDriver.StartSession(ICapabilities desiredCapabilities)
   en OpenQA.Selenium.Remote.RemoteWebDriver..ctor(ICommandExecutor commandExecutor, ICapabilities desiredCapabilities)
   en OpenQA.Selenium.Chrome.ChromeDriver..ctor(ChromeDriverService service, ChromeOptions options)
   en ServicioCartaPorte.servi.UrenportSelenium_ConChromeHeadless(String directorioDescarga, String dirDriver, Boolean bHeadless) en C:\Users\Mariano\Documents\pronto\InterfazFlexicapture\prontoflexicapture.cs:línea 8060
   en ProntoWindowsService.Service1.DoWorkSoloPegatinas() en C:\Users\Mariano\Documents\pronto\ProntoWindowsService\Service1.cs:línea 883
WebDriver
__________________________

Log Entry : 
12/15/2017 19:49:01
Error in: . Error Message:hilo #6: System.InvalidOperationException: unknown error: cannot find Chrome binary
  (Driver info: chromedriver=2.33.506120 (e3e53437346286c0bc2d2dc9aa4915ba81d9023f),platform=Windows NT 10.0.16299 x86_64)
   en OpenQA.Selenium.Remote.RemoteWebDriver.UnpackAndThrowOnError(Response errorResponse)
   en OpenQA.Selenium.Remote.RemoteWebDriver.Execute(String driverCommandToExecute, Dictionary`2 parameters)
   en OpenQA.Selenium.Remote.RemoteWebDriver.StartSession(ICapabilities desiredCapabilities)
   en OpenQA.Selenium.Remote.RemoteWebDriver..ctor(ICommandExecutor commandExecutor, ICapabilities desiredCapabilities)
   en OpenQA.Selenium.Chrome.ChromeDriver..ctor(ChromeDriverService service, ChromeOptions options)
   en ServicioCartaPorte.servi.UrenportSelenium_ConChromeHeadless(String directorioDescarga, String dirDriver, Boolean bHeadless) en C:\Users\Mariano\Documents\pronto\InterfazFlexicapture\prontoflexicapture.cs:línea 8060
   en ProntoWindowsService.Service1.DoWorkSoloPegatinas() en C:\Users\Mariano\Documents\pronto\ProntoWindowsService\Service1.cs:línea 883
__________________________

Log Entry : 
12/15/2017 19:49:01
Error in: . Error Message:System.InvalidOperationException
unknown error: cannot find Chrome binary
  (Driver info: chromedriver=2.33.506120 (e3e53437346286c0bc2d2dc9aa4915ba81d9023f),platform=Windows NT 10.0.16299 x86_64)
   en OpenQA.Selenium.Remote.RemoteWebDriver.UnpackAndThrowOnError(Response errorResponse)
   en OpenQA.Selenium.Remote.RemoteWebDriver.Execute(String driverCommandToExecute, Dictionary`2 parameters)
   en OpenQA.Selenium.Remote.RemoteWebDriver.StartSession(ICapabilities desiredCapabilities)
   en OpenQA.Selenium.Remote.RemoteWebDriver..ctor(ICommandExecutor commandExecutor, ICapabilities desiredCapabilities)
   en OpenQA.Selenium.Chrome.ChromeDriver..ctor(ChromeDriverService service, ChromeOptions options)
   en ServicioCartaPorte.servi.UrenportSelenium_ConChromeHeadless(String directorioDescarga, String dirDriver, Boolean bHeadless) en C:\Users\Mariano\Documents\pronto\InterfazFlexicapture\prontoflexicapture.cs:línea 8060
   en ProntoWindowsService.Service1.DoWorkSoloPegatinas() en C:\Users\Mariano\Documents\pronto\ProntoWindowsService\Service1.cs:línea 883
WebDriver
__________________________

Log Entry : 
12/15/2017 19:49:04
Error in: . Error Message:hilo #6: System.InvalidOperationException: unknown error: cannot find Chrome binary
  (Driver info: chromedriver=2.33.506120 (e3e53437346286c0bc2d2dc9aa4915ba81d9023f),platform=Windows NT 10.0.16299 x86_64)
   en OpenQA.Selenium.Remote.RemoteWebDriver.UnpackAndThrowOnError(Response errorResponse)
   en OpenQA.Selenium.Remote.RemoteWebDriver.Execute(String driverCommandToExecute, Dictionary`2 parameters)
   en OpenQA.Selenium.Remote.RemoteWebDriver.StartSession(ICapabilities desiredCapabilities)
   en OpenQA.Selenium.Remote.RemoteWebDriver..ctor(ICommandExecutor commandExecutor, ICapabilities desiredCapabilities)
   en OpenQA.Selenium.Chrome.ChromeDriver..ctor(ChromeDriverService service, ChromeOptions options)
   en ServicioCartaPorte.servi.UrenportSelenium_ConChromeHeadless(String directorioDescarga, String dirDriver, Boolean bHeadless) en C:\Users\Mariano\Documents\pronto\InterfazFlexicapture\prontoflexicapture.cs:línea 8060
   en ProntoWindowsService.Service1.DoWorkSoloPegatinas() en C:\Users\Mariano\Documents\pronto\ProntoWindowsService\Service1.cs:línea 883
__________________________

Log Entry : 
12/15/2017 19:49:04
Error in: . Error Message:System.InvalidOperationException
unknown error: cannot find Chrome binary
  (Driver info: chromedriver=2.33.506120 (e3e53437346286c0bc2d2dc9aa4915ba81d9023f),platform=Windows NT 10.0.16299 x86_64)
   en OpenQA.Selenium.Remote.RemoteWebDriver.UnpackAndThrowOnError(Response errorResponse)
   en OpenQA.Selenium.Remote.RemoteWebDriver.Execute(String driverCommandToExecute, Dictionary`2 parameters)
   en OpenQA.Selenium.Remote.RemoteWebDriver.StartSession(ICapabilities desiredCapabilities)
   en OpenQA.Selenium.Remote.RemoteWebDriver..ctor(ICommandExecutor commandExecutor, ICapabilities desiredCapabilities)
   en OpenQA.Selenium.Chrome.ChromeDriver..ctor(ChromeDriverService service, ChromeOptions options)
   en ServicioCartaPorte.servi.UrenportSelenium_ConChromeHeadless(String directorioDescarga, String dirDriver, Boolean bHeadless) en C:\Users\Mariano\Documents\pronto\InterfazFlexicapture\prontoflexicapture.cs:línea 8060
   en ProntoWindowsService.Service1.DoWorkSoloPegatinas() en C:\Users\Mariano\Documents\pronto\ProntoWindowsService\Service1.cs:línea 883
WebDriver
__________________________

Log Entry : 
12/15/2017 19:49:07
Error in: . Error Message:hilo #6: System.InvalidOperationException: unknown error: cannot find Chrome binary
  (Driver info: chromedriver=2.33.506120 (e3e53437346286c0bc2d2dc9aa4915ba81d9023f),platform=Windows NT 10.0.16299 x86_64)
   en OpenQA.Selenium.Remote.RemoteWebDriver.UnpackAndThrowOnError(Response errorResponse)
   en OpenQA.Selenium.Remote.RemoteWebDriver.Execute(String driverCommandToExecute, Dictionary`2 parameters)
   en OpenQA.Selenium.Remote.RemoteWebDriver.StartSession(ICapabilities desiredCapabilities)
   en OpenQA.Selenium.Remote.RemoteWebDriver..ctor(ICommandExecutor commandExecutor, ICapabilities desiredCapabilities)
   en OpenQA.Selenium.Chrome.ChromeDriver..ctor(ChromeDriverService service, ChromeOptions options)
   en ServicioCartaPorte.servi.UrenportSelenium_ConChromeHeadless(String directorioDescarga, String dirDriver, Boolean bHeadless) en C:\Users\Mariano\Documents\pronto\InterfazFlexicapture\prontoflexicapture.cs:línea 8060
   en ProntoWindowsService.Service1.DoWorkSoloPegatinas() en C:\Users\Mariano\Documents\pronto\ProntoWindowsService\Service1.cs:línea 883
__________________________

Log Entry : 
12/15/2017 19:49:07
Error in: . Error Message:System.InvalidOperationException
unknown error: cannot find Chrome binary
  (Driver info: chromedriver=2.33.506120 (e3e53437346286c0bc2d2dc9aa4915ba81d9023f),platform=Windows NT 10.0.16299 x86_64)
   en OpenQA.Selenium.Remote.RemoteWebDriver.UnpackAndThrowOnError(Response errorResponse)
   en OpenQA.Selenium.Remote.RemoteWebDriver.Execute(String driverCommandToExecute, Dictionary`2 parameters)
   en OpenQA.Selenium.Remote.RemoteWebDriver.StartSession(ICapabilities desiredCapabilities)
   en OpenQA.Selenium.Remote.RemoteWebDriver..ctor(ICommandExecutor commandExecutor, ICapabilities desiredCapabilities)
   en OpenQA.Selenium.Chrome.ChromeDriver..ctor(ChromeDriverService service, ChromeOptions options)
   en ServicioCartaPorte.servi.UrenportSelenium_ConChromeHeadless(String directorioDescarga, String dirDriver, Boolean bHeadless) en C:\Users\Mariano\Documents\pronto\InterfazFlexicapture\prontoflexicapture.cs:línea 8060
   en ProntoWindowsService.Service1.DoWorkSoloPegatinas() en C:\Users\Mariano\Documents\pronto\ProntoWindowsService\Service1.cs:línea 883
WebDriver
__________________________

Log Entry : 
12/15/2017 19:49:11
Error in: . Error Message:hilo #6: System.InvalidOperationException: unknown error: cannot find Chrome binary
  (Driver info: chromedriver=2.33.506120 (e3e53437346286c0bc2d2dc9aa4915ba81d9023f),platform=Windows NT 10.0.16299 x86_64)
   en OpenQA.Selenium.Remote.RemoteWebDriver.UnpackAndThrowOnError(Response errorResponse)
   en OpenQA.Selenium.Remote.RemoteWebDriver.Execute(String driverCommandToExecute, Dictionary`2 parameters)
   en OpenQA.Selenium.Remote.RemoteWebDriver.StartSession(ICapabilities desiredCapabilities)
   en OpenQA.Selenium.Remote.RemoteWebDriver..ctor(ICommandExecutor commandExecutor, ICapabilities desiredCapabilities)
   en OpenQA.Selenium.Chrome.ChromeDriver..ctor(ChromeDriverService service, ChromeOptions options)
   en ServicioCartaPorte.servi.UrenportSelenium_ConChromeHeadless(String directorioDescarga, String dirDriver, Boolean bHeadless) en C:\Users\Mariano\Documents\pronto\InterfazFlexicapture\prontoflexicapture.cs:línea 8060
   en ProntoWindowsService.Service1.DoWorkSoloPegatinas() en C:\Users\Mariano\Documents\pronto\ProntoWindowsService\Service1.cs:línea 883
__________________________

Log Entry : 
12/15/2017 19:49:11
Error in: . Error Message:System.InvalidOperationException
unknown error: cannot find Chrome binary
  (Driver info: chromedriver=2.33.506120 (e3e53437346286c0bc2d2dc9aa4915ba81d9023f),platform=Windows NT 10.0.16299 x86_64)
   en OpenQA.Selenium.Remote.RemoteWebDriver.UnpackAndThrowOnError(Response errorResponse)
   en OpenQA.Selenium.Remote.RemoteWebDriver.Execute(String driverCommandToExecute, Dictionary`2 parameters)
   en OpenQA.Selenium.Remote.RemoteWebDriver.StartSession(ICapabilities desiredCapabilities)
   en OpenQA.Selenium.Remote.RemoteWebDriver..ctor(ICommandExecutor commandExecutor, ICapabilities desiredCapabilities)
   en OpenQA.Selenium.Chrome.ChromeDriver..ctor(ChromeDriverService service, ChromeOptions options)
   en ServicioCartaPorte.servi.UrenportSelenium_ConChromeHeadless(String directorioDescarga, String dirDriver, Boolean bHeadless) en C:\Users\Mariano\Documents\pronto\InterfazFlexicapture\prontoflexicapture.cs:línea 8060
   en ProntoWindowsService.Service1.DoWorkSoloPegatinas() en C:\Users\Mariano\Documents\pronto\ProntoWindowsService\Service1.cs:línea 883
WebDriver
__________________________

Log Entry : 
12/15/2017 19:49:33
Error in: . Error Message:hilo #6: ssdssss
__________________________

Log Entry : 
12/15/2017 19:49:33
Error in: . Error Message:hilo #6: Empieza
__________________________

Log Entry : 
12/15/2017 19:49:33
Error in: . Error Message:hilo #6: CONEXION: metadata=res://*/Models.Pronto.csdl|res://*/Models.Pronto.ssdl|res://*/Models.Pronto.msl;provider=System.Data.SqlClient;provider connection string="data source=DESKTOP-TVDQV7C;initial catalog=Williams;persist security info=True;user id=sa;password=.SistemaPronto.;multipleactiveresultsets=True;App=EntityFramework"
__________________________

Log Entry : 
12/15/2017 19:49:39
Error in: . Error Message:hilo #6: System.InvalidOperationException: unknown error: cannot find Chrome binary
  (Driver info: chromedriver=2.33.506120 (e3e53437346286c0bc2d2dc9aa4915ba81d9023f),platform=Windows NT 10.0.16299 x86_64)
   en OpenQA.Selenium.Remote.RemoteWebDriver.UnpackAndThrowOnError(Response errorResponse)
   en OpenQA.Selenium.Remote.RemoteWebDriver.Execute(String driverCommandToExecute, Dictionary`2 parameters)
   en OpenQA.Selenium.Remote.RemoteWebDriver.StartSession(ICapabilities desiredCapabilities)
   en OpenQA.Selenium.Remote.RemoteWebDriver..ctor(ICommandExecutor commandExecutor, ICapabilities desiredCapabilities)
   en OpenQA.Selenium.Chrome.ChromeDriver..ctor(ChromeDriverService service, ChromeOptions options)
   en ServicioCartaPorte.servi.UrenportSelenium_ConChromeHeadless(String directorioDescarga, String dirDriver, Boolean bHeadless) en C:\Users\Mariano\Documents\pronto\InterfazFlexicapture\prontoflexicapture.cs:línea 8060
   en ProntoWindowsService.Service1.DoWorkSoloPegatinas() en C:\Users\Mariano\Documents\pronto\ProntoWindowsService\Service1.cs:línea 883
__________________________

Log Entry : 
12/15/2017 19:49:39
Error in: . Error Message:System.InvalidOperationException
unknown error: cannot find Chrome binary
  (Driver info: chromedriver=2.33.506120 (e3e53437346286c0bc2d2dc9aa4915ba81d9023f),platform=Windows NT 10.0.16299 x86_64)
   en OpenQA.Selenium.Remote.RemoteWebDriver.UnpackAndThrowOnError(Response errorResponse)
   en OpenQA.Selenium.Remote.RemoteWebDriver.Execute(String driverCommandToExecute, Dictionary`2 parameters)
   en OpenQA.Selenium.Remote.RemoteWebDriver.StartSession(ICapabilities desiredCapabilities)
   en OpenQA.Selenium.Remote.RemoteWebDriver..ctor(ICommandExecutor commandExecutor, ICapabilities desiredCapabilities)
   en OpenQA.Selenium.Chrome.ChromeDriver..ctor(ChromeDriverService service, ChromeOptions options)
   en ServicioCartaPorte.servi.UrenportSelenium_ConChromeHeadless(String directorioDescarga, String dirDriver, Boolean bHeadless) en C:\Users\Mariano\Documents\pronto\InterfazFlexicapture\prontoflexicapture.cs:línea 8060
   en ProntoWindowsService.Service1.DoWorkSoloPegatinas() en C:\Users\Mariano\Documents\pronto\ProntoWindowsService\Service1.cs:línea 883
WebDriver
__________________________

Log Entry : 
12/15/2017 20:14:43
Error in: . Error Message:hilo #6: System.InvalidOperationException: unknown error: cannot find Chrome binary
  (Driver info: chromedriver=2.33.506120 (e3e53437346286c0bc2d2dc9aa4915ba81d9023f),platform=Windows NT 10.0.16299 x86_64)
   en OpenQA.Selenium.Remote.RemoteWebDriver.UnpackAndThrowOnError(Response errorResponse)
   en OpenQA.Selenium.Remote.RemoteWebDriver.Execute(String driverCommandToExecute, Dictionary`2 parameters)
   en OpenQA.Selenium.Remote.RemoteWebDriver.StartSession(ICapabilities desiredCapabilities)
   en OpenQA.Selenium.Remote.RemoteWebDriver..ctor(ICommandExecutor commandExecutor, ICapabilities desiredCapabilities)
   en OpenQA.Selenium.Chrome.ChromeDriver..ctor(ChromeDriverService service, ChromeOptions options)
   en ServicioCartaPorte.servi.UrenportSelenium_ConChromeHeadless(String directorioDescarga, String dirDriver, Boolean bHeadless) en C:\Users\Mariano\Documents\pronto\InterfazFlexicapture\prontoflexicapture.cs:línea 8060
   en ProntoWindowsService.Service1.DoWorkSoloPegatinas() en C:\Users\Mariano\Documents\pronto\ProntoWindowsService\Service1.cs:línea 883
__________________________

Log Entry : 
12/15/2017 20:14:43
Error in: . Error Message:System.InvalidOperationException
unknown error: cannot find Chrome binary
  (Driver info: chromedriver=2.33.506120 (e3e53437346286c0bc2d2dc9aa4915ba81d9023f),platform=Windows NT 10.0.16299 x86_64)
   en OpenQA.Selenium.Remote.RemoteWebDriver.UnpackAndThrowOnError(Response errorResponse)
   en OpenQA.Selenium.Remote.RemoteWebDriver.Execute(String driverCommandToExecute, Dictionary`2 parameters)
   en OpenQA.Selenium.Remote.RemoteWebDriver.StartSession(ICapabilities desiredCapabilities)
   en OpenQA.Selenium.Remote.RemoteWebDriver..ctor(ICommandExecutor commandExecutor, ICapabilities desiredCapabilities)
   en OpenQA.Selenium.Chrome.ChromeDriver..ctor(ChromeDriverService service, ChromeOptions options)
   en ServicioCartaPorte.servi.UrenportSelenium_ConChromeHeadless(String directorioDescarga, String dirDriver, Boolean bHeadless) en C:\Users\Mariano\Documents\pronto\InterfazFlexicapture\prontoflexicapture.cs:línea 8060
   en ProntoWindowsService.Service1.DoWorkSoloPegatinas() en C:\Users\Mariano\Documents\pronto\ProntoWindowsService\Service1.cs:línea 883
WebDriver
__________________________

Log Entry : 
12/15/2017 20:17:43
Error in: . Error Message:hilo #3: ssdssss
__________________________

Log Entry : 
12/15/2017 20:17:43
Error in: . Error Message:hilo #3: Empieza
__________________________

Log Entry : 
12/15/2017 20:17:43
Error in: . Error Message:hilo #3: CONEXION: metadata=res://*/Models.Pronto.csdl|res://*/Models.Pronto.ssdl|res://*/Models.Pronto.msl;provider=System.Data.SqlClient;provider connection string="data source=DESKTOP-TVDQV7C;initial catalog=Williams;persist security info=True;user id=sa;password=.SistemaPronto.;multipleactiveresultsets=True;App=EntityFramework"
__________________________

Log Entry : 
12/15/2017 20:20:36
Error in: . Error Message:hilo #6: ssdssss
__________________________

Log Entry : 
12/15/2017 20:20:36
Error in: . Error Message:hilo #6: Empieza
__________________________

Log Entry : 
12/15/2017 20:20:36
Error in: . Error Message:hilo #6: CONEXION: metadata=res://*/Models.Pronto.csdl|res://*/Models.Pronto.ssdl|res://*/Models.Pronto.msl;provider=System.Data.SqlClient;provider connection string="data source=DESKTOP-TVDQV7C;initial catalog=Williams;persist security info=True;user id=sa;password=.SistemaPronto.;multipleactiveresultsets=True;App=EntityFramework"
__________________________

Log Entry : 
12/15/2017 20:20:42
Error in: . Error Message:hilo #6: System.InvalidOperationException: unknown error: cannot find Chrome binary
  (Driver info: chromedriver=2.33.506120 (e3e53437346286c0bc2d2dc9aa4915ba81d9023f),platform=Windows NT 10.0.16299 x86_64)
   en OpenQA.Selenium.Remote.RemoteWebDriver.UnpackAndThrowOnError(Response errorResponse)
   en OpenQA.Selenium.Remote.RemoteWebDriver.Execute(String driverCommandToExecute, Dictionary`2 parameters)
   en OpenQA.Selenium.Remote.RemoteWebDriver.StartSession(ICapabilities desiredCapabilities)
   en OpenQA.Selenium.Remote.RemoteWebDriver..ctor(ICommandExecutor commandExecutor, ICapabilities desiredCapabilities)
   en OpenQA.Selenium.Chrome.ChromeDriver..ctor(ChromeDriverService service, ChromeOptions options)
   en ServicioCartaPorte.servi.UrenportSelenium_ConChromeHeadless(String directorioDescarga, String dirDriver, Boolean bHeadless, String dirBinary) en C:\Users\Mariano\Documents\pronto\InterfazFlexicapture\prontoflexicapture.cs:línea 8061
   en ProntoWindowsService.Service1.DoWorkSoloPegatinas() en C:\Users\Mariano\Documents\pronto\ProntoWindowsService\Service1.cs:línea 887
__________________________

Log Entry : 
12/15/2017 20:20:42
Error in: . Error Message:System.InvalidOperationException
unknown error: cannot find Chrome binary
  (Driver info: chromedriver=2.33.506120 (e3e53437346286c0bc2d2dc9aa4915ba81d9023f),platform=Windows NT 10.0.16299 x86_64)
   en OpenQA.Selenium.Remote.RemoteWebDriver.UnpackAndThrowOnError(Response errorResponse)
   en OpenQA.Selenium.Remote.RemoteWebDriver.Execute(String driverCommandToExecute, Dictionary`2 parameters)
   en OpenQA.Selenium.Remote.RemoteWebDriver.StartSession(ICapabilities desiredCapabilities)
   en OpenQA.Selenium.Remote.RemoteWebDriver..ctor(ICommandExecutor commandExecutor, ICapabilities desiredCapabilities)
   en OpenQA.Selenium.Chrome.ChromeDriver..ctor(ChromeDriverService service, ChromeOptions options)
   en ServicioCartaPorte.servi.UrenportSelenium_ConChromeHeadless(String directorioDescarga, String dirDriver, Boolean bHeadless, String dirBinary) en C:\Users\Mariano\Documents\pronto\InterfazFlexicapture\prontoflexicapture.cs:línea 8061
   en ProntoWindowsService.Service1.DoWorkSoloPegatinas() en C:\Users\Mariano\Documents\pronto\ProntoWindowsService\Service1.cs:línea 887
WebDriver
__________________________

Log Entry : 
12/15/2017 20:25:45
Error in: . Error Message:hilo #6: System.InvalidOperationException: unknown error: cannot find Chrome binary
  (Driver info: chromedriver=2.33.506120 (e3e53437346286c0bc2d2dc9aa4915ba81d9023f),platform=Windows NT 10.0.16299 x86_64)
   en OpenQA.Selenium.Remote.RemoteWebDriver.UnpackAndThrowOnError(Response errorResponse)
   en OpenQA.Selenium.Remote.RemoteWebDriver.Execute(String driverCommandToExecute, Dictionary`2 parameters)
   en OpenQA.Selenium.Remote.RemoteWebDriver.StartSession(ICapabilities desiredCapabilities)
   en OpenQA.Selenium.Remote.RemoteWebDriver..ctor(ICommandExecutor commandExecutor, ICapabilities desiredCapabilities)
   en OpenQA.Selenium.Chrome.ChromeDriver..ctor(ChromeDriverService service, ChromeOptions options)
   en ServicioCartaPorte.servi.UrenportSelenium_ConChromeHeadless(String directorioDescarga, String dirDriver, Boolean bHeadless, String dirBinary) en C:\Users\Mariano\Documents\pronto\InterfazFlexicapture\prontoflexicapture.cs:línea 8061
   en ProntoWindowsService.Service1.DoWorkSoloPegatinas() en C:\Users\Mariano\Documents\pronto\ProntoWindowsService\Service1.cs:línea 887
__________________________

Log Entry : 
12/15/2017 20:25:45
Error in: . Error Message:System.InvalidOperationException
unknown error: cannot find Chrome binary
  (Driver info: chromedriver=2.33.506120 (e3e53437346286c0bc2d2dc9aa4915ba81d9023f),platform=Windows NT 10.0.16299 x86_64)
   en OpenQA.Selenium.Remote.RemoteWebDriver.UnpackAndThrowOnError(Response errorResponse)
   en OpenQA.Selenium.Remote.RemoteWebDriver.Execute(String driverCommandToExecute, Dictionary`2 parameters)
   en OpenQA.Selenium.Remote.RemoteWebDriver.StartSession(ICapabilities desiredCapabilities)
   en OpenQA.Selenium.Remote.RemoteWebDriver..ctor(ICommandExecutor commandExecutor, ICapabilities desiredCapabilities)
   en OpenQA.Selenium.Chrome.ChromeDriver..ctor(ChromeDriverService service, ChromeOptions options)
   en ServicioCartaPorte.servi.UrenportSelenium_ConChromeHeadless(String directorioDescarga, String dirDriver, Boolean bHeadless, String dirBinary) en C:\Users\Mariano\Documents\pronto\InterfazFlexicapture\prontoflexicapture.cs:línea 8061
   en ProntoWindowsService.Service1.DoWorkSoloPegatinas() en C:\Users\Mariano\Documents\pronto\ProntoWindowsService\Service1.cs:línea 887
WebDriver
__________________________

Log Entry : 
12/15/2017 20:25:48
Error in: . Error Message:hilo #6: System.InvalidOperationException: unknown error: cannot find Chrome binary
  (Driver info: chromedriver=2.33.506120 (e3e53437346286c0bc2d2dc9aa4915ba81d9023f),platform=Windows NT 10.0.16299 x86_64)
   en OpenQA.Selenium.Remote.RemoteWebDriver.UnpackAndThrowOnError(Response errorResponse)
   en OpenQA.Selenium.Remote.RemoteWebDriver.Execute(String driverCommandToExecute, Dictionary`2 parameters)
   en OpenQA.Selenium.Remote.RemoteWebDriver.StartSession(ICapabilities desiredCapabilities)
   en OpenQA.Selenium.Remote.RemoteWebDriver..ctor(ICommandExecutor commandExecutor, ICapabilities desiredCapabilities)
   en OpenQA.Selenium.Chrome.ChromeDriver..ctor(ChromeDriverService service, ChromeOptions options)
   en ServicioCartaPorte.servi.UrenportSelenium_ConChromeHeadless(String directorioDescarga, String dirDriver, Boolean bHeadless, String dirBinary) en C:\Users\Mariano\Documents\pronto\InterfazFlexicapture\prontoflexicapture.cs:línea 8061
   en ProntoWindowsService.Service1.DoWorkSoloPegatinas() en C:\Users\Mariano\Documents\pronto\ProntoWindowsService\Service1.cs:línea 887
__________________________

Log Entry : 
12/15/2017 20:25:48
Error in: . Error Message:System.InvalidOperationException
unknown error: cannot find Chrome binary
  (Driver info: chromedriver=2.33.506120 (e3e53437346286c0bc2d2dc9aa4915ba81d9023f),platform=Windows NT 10.0.16299 x86_64)
   en OpenQA.Selenium.Remote.RemoteWebDriver.UnpackAndThrowOnError(Response errorResponse)
   en OpenQA.Selenium.Remote.RemoteWebDriver.Execute(String driverCommandToExecute, Dictionary`2 parameters)
   en OpenQA.Selenium.Remote.RemoteWebDriver.StartSession(ICapabilities desiredCapabilities)
   en OpenQA.Selenium.Remote.RemoteWebDriver..ctor(ICommandExecutor commandExecutor, ICapabilities desiredCapabilities)
   en OpenQA.Selenium.Chrome.ChromeDriver..ctor(ChromeDriverService service, ChromeOptions options)
   en ServicioCartaPorte.servi.UrenportSelenium_ConChromeHeadless(String directorioDescarga, String dirDriver, Boolean bHeadless, String dirBinary) en C:\Users\Mariano\Documents\pronto\InterfazFlexicapture\prontoflexicapture.cs:línea 8061
   en ProntoWindowsService.Service1.DoWorkSoloPegatinas() en C:\Users\Mariano\Documents\pronto\ProntoWindowsService\Service1.cs:línea 887
WebDriver
__________________________

Log Entry : 
12/15/2017 20:25:52
Error in: . Error Message:hilo #6: System.InvalidOperationException: unknown error: cannot find Chrome binary
  (Driver info: chromedriver=2.33.506120 (e3e53437346286c0bc2d2dc9aa4915ba81d9023f),platform=Windows NT 10.0.16299 x86_64)
   en OpenQA.Selenium.Remote.RemoteWebDriver.UnpackAndThrowOnError(Response errorResponse)
   en OpenQA.Selenium.Remote.RemoteWebDriver.Execute(String driverCommandToExecute, Dictionary`2 parameters)
   en OpenQA.Selenium.Remote.RemoteWebDriver.StartSession(ICapabilities desiredCapabilities)
   en OpenQA.Selenium.Remote.RemoteWebDriver..ctor(ICommandExecutor commandExecutor, ICapabilities desiredCapabilities)
   en OpenQA.Selenium.Chrome.ChromeDriver..ctor(ChromeDriverService service, ChromeOptions options)
   en ServicioCartaPorte.servi.UrenportSelenium_ConChromeHeadless(String directorioDescarga, String dirDriver, Boolean bHeadless, String dirBinary) en C:\Users\Mariano\Documents\pronto\InterfazFlexicapture\prontoflexicapture.cs:línea 8061
   en ProntoWindowsService.Service1.DoWorkSoloPegatinas() en C:\Users\Mariano\Documents\pronto\ProntoWindowsService\Service1.cs:línea 887
__________________________

Log Entry : 
12/15/2017 20:25:52
Error in: . Error Message:System.InvalidOperationException
unknown error: cannot find Chrome binary
  (Driver info: chromedriver=2.33.506120 (e3e53437346286c0bc2d2dc9aa4915ba81d9023f),platform=Windows NT 10.0.16299 x86_64)
   en OpenQA.Selenium.Remote.RemoteWebDriver.UnpackAndThrowOnError(Response errorResponse)
   en OpenQA.Selenium.Remote.RemoteWebDriver.Execute(String driverCommandToExecute, Dictionary`2 parameters)
   en OpenQA.Selenium.Remote.RemoteWebDriver.StartSession(ICapabilities desiredCapabilities)
   en OpenQA.Selenium.Remote.RemoteWebDriver..ctor(ICommandExecutor commandExecutor, ICapabilities desiredCapabilities)
   en OpenQA.Selenium.Chrome.ChromeDriver..ctor(ChromeDriverService service, ChromeOptions options)
   en ServicioCartaPorte.servi.UrenportSelenium_ConChromeHeadless(String directorioDescarga, String dirDriver, Boolean bHeadless, String dirBinary) en C:\Users\Mariano\Documents\pronto\InterfazFlexicapture\prontoflexicapture.cs:línea 8061
   en ProntoWindowsService.Service1.DoWorkSoloPegatinas() en C:\Users\Mariano\Documents\pronto\ProntoWindowsService\Service1.cs:línea 887
WebDriver
__________________________

Log Entry : 
12/15/2017 20:25:55
Error in: . Error Message:hilo #6: System.InvalidOperationException: unknown error: cannot find Chrome binary
  (Driver info: chromedriver=2.33.506120 (e3e53437346286c0bc2d2dc9aa4915ba81d9023f),platform=Windows NT 10.0.16299 x86_64)
   en OpenQA.Selenium.Remote.RemoteWebDriver.UnpackAndThrowOnError(Response errorResponse)
   en OpenQA.Selenium.Remote.RemoteWebDriver.Execute(String driverCommandToExecute, Dictionary`2 parameters)
   en OpenQA.Selenium.Remote.RemoteWebDriver.StartSession(ICapabilities desiredCapabilities)
   en OpenQA.Selenium.Remote.RemoteWebDriver..ctor(ICommandExecutor commandExecutor, ICapabilities desiredCapabilities)
   en OpenQA.Selenium.Chrome.ChromeDriver..ctor(ChromeDriverService service, ChromeOptions options)
   en ServicioCartaPorte.servi.UrenportSelenium_ConChromeHeadless(String directorioDescarga, String dirDriver, Boolean bHeadless, String dirBinary) en C:\Users\Mariano\Documents\pronto\InterfazFlexicapture\prontoflexicapture.cs:línea 8061
   en ProntoWindowsService.Service1.DoWorkSoloPegatinas() en C:\Users\Mariano\Documents\pronto\ProntoWindowsService\Service1.cs:línea 887
__________________________

Log Entry : 
12/15/2017 20:25:55
Error in: . Error Message:System.InvalidOperationException
unknown error: cannot find Chrome binary
  (Driver info: chromedriver=2.33.506120 (e3e53437346286c0bc2d2dc9aa4915ba81d9023f),platform=Windows NT 10.0.16299 x86_64)
   en OpenQA.Selenium.Remote.RemoteWebDriver.UnpackAndThrowOnError(Response errorResponse)
   en OpenQA.Selenium.Remote.RemoteWebDriver.Execute(String driverCommandToExecute, Dictionary`2 parameters)
   en OpenQA.Selenium.Remote.RemoteWebDriver.StartSession(ICapabilities desiredCapabilities)
   en OpenQA.Selenium.Remote.RemoteWebDriver..ctor(ICommandExecutor commandExecutor, ICapabilities desiredCapabilities)
   en OpenQA.Selenium.Chrome.ChromeDriver..ctor(ChromeDriverService service, ChromeOptions options)
   en ServicioCartaPorte.servi.UrenportSelenium_ConChromeHeadless(String directorioDescarga, String dirDriver, Boolean bHeadless, String dirBinary) en C:\Users\Mariano\Documents\pronto\InterfazFlexicapture\prontoflexicapture.cs:línea 8061
   en ProntoWindowsService.Service1.DoWorkSoloPegatinas() en C:\Users\Mariano\Documents\pronto\ProntoWindowsService\Service1.cs:línea 887
WebDriver
__________________________

Log Entry : 
12/15/2017 20:41:42
Error in: . Error Message:hilo #6: ssdssss
__________________________

Log Entry : 
12/15/2017 20:41:42
Error in: . Error Message:hilo #6: Empieza
__________________________

Log Entry : 
12/15/2017 20:41:42
Error in: . Error Message:hilo #6: CONEXION: metadata=res://*/Models.Pronto.csdl|res://*/Models.Pronto.ssdl|res://*/Models.Pronto.msl;provider=System.Data.SqlClient;provider connection string="data source=DESKTOP-TVDQV7C;initial catalog=Williams;persist security info=True;user id=sa;password=.SistemaPronto.;multipleactiveresultsets=True;App=EntityFramework"
__________________________

Log Entry : 
12/15/2017 20:41:48
Error in: . Error Message:hilo #6: System.InvalidOperationException: unknown error: cannot find Chrome binary
  (Driver info: chromedriver=2.33.506120 (e3e53437346286c0bc2d2dc9aa4915ba81d9023f),platform=Windows NT 10.0.16299 x86_64)
   en OpenQA.Selenium.Remote.RemoteWebDriver.UnpackAndThrowOnError(Response errorResponse)
   en OpenQA.Selenium.Remote.RemoteWebDriver.Execute(String driverCommandToExecute, Dictionary`2 parameters)
   en OpenQA.Selenium.Remote.RemoteWebDriver.StartSession(ICapabilities desiredCapabilities)
   en OpenQA.Selenium.Remote.RemoteWebDriver..ctor(ICommandExecutor commandExecutor, ICapabilities desiredCapabilities)
   en OpenQA.Selenium.Chrome.ChromeDriver..ctor(ChromeDriverService service, ChromeOptions options)
   en ServicioCartaPorte.servi.UrenportSelenium_ConChromeHeadless(String directorioDescarga, String dirDriver, Boolean bHeadless, String dirBinary) en C:\Users\Mariano\Documents\pronto\InterfazFlexicapture\prontoflexicapture.cs:línea 8061
   en ProntoWindowsService.Service1.DoWorkSoloPegatinas() en C:\Users\Mariano\Documents\pronto\ProntoWindowsService\Service1.cs:línea 887
__________________________

Log Entry : 
12/15/2017 20:41:48
Error in: . Error Message:System.InvalidOperationException
unknown error: cannot find Chrome binary
  (Driver info: chromedriver=2.33.506120 (e3e53437346286c0bc2d2dc9aa4915ba81d9023f),platform=Windows NT 10.0.16299 x86_64)
   en OpenQA.Selenium.Remote.RemoteWebDriver.UnpackAndThrowOnError(Response errorResponse)
   en OpenQA.Selenium.Remote.RemoteWebDriver.Execute(String driverCommandToExecute, Dictionary`2 parameters)
   en OpenQA.Selenium.Remote.RemoteWebDriver.StartSession(ICapabilities desiredCapabilities)
   en OpenQA.Selenium.Remote.RemoteWebDriver..ctor(ICommandExecutor commandExecutor, ICapabilities desiredCapabilities)
   en OpenQA.Selenium.Chrome.ChromeDriver..ctor(ChromeDriverService service, ChromeOptions options)
   en ServicioCartaPorte.servi.UrenportSelenium_ConChromeHeadless(String directorioDescarga, String dirDriver, Boolean bHeadless, String dirBinary) en C:\Users\Mariano\Documents\pronto\InterfazFlexicapture\prontoflexicapture.cs:línea 8061
   en ProntoWindowsService.Service1.DoWorkSoloPegatinas() en C:\Users\Mariano\Documents\pronto\ProntoWindowsService\Service1.cs:línea 887
WebDriver
__________________________

Log Entry : 
12/15/2017 20:42:52
Error in: . Error Message:hilo #6: System.InvalidOperationException: unknown error: cannot find Chrome binary
  (Driver info: chromedriver=2.33.506120 (e3e53437346286c0bc2d2dc9aa4915ba81d9023f),platform=Windows NT 10.0.16299 x86_64)
   en OpenQA.Selenium.Remote.RemoteWebDriver.UnpackAndThrowOnError(Response errorResponse)
   en OpenQA.Selenium.Remote.RemoteWebDriver.Execute(String driverCommandToExecute, Dictionary`2 parameters)
   en OpenQA.Selenium.Remote.RemoteWebDriver.StartSession(ICapabilities desiredCapabilities)
   en OpenQA.Selenium.Remote.RemoteWebDriver..ctor(ICommandExecutor commandExecutor, ICapabilities desiredCapabilities)
   en OpenQA.Selenium.Chrome.ChromeDriver..ctor(ChromeDriverService service, ChromeOptions options)
   en ServicioCartaPorte.servi.UrenportSelenium_ConChromeHeadless(String directorioDescarga, String dirDriver, Boolean bHeadless, String dirBinary) en C:\Users\Mariano\Documents\pronto\InterfazFlexicapture\prontoflexicapture.cs:línea 8061
   en ProntoWindowsService.Service1.DoWorkSoloPegatinas() en C:\Users\Mariano\Documents\pronto\ProntoWindowsService\Service1.cs:línea 887
__________________________

Log Entry : 
12/15/2017 20:42:52
Error in: . Error Message:System.InvalidOperationException
unknown error: cannot find Chrome binary
  (Driver info: chromedriver=2.33.506120 (e3e53437346286c0bc2d2dc9aa4915ba81d9023f),platform=Windows NT 10.0.16299 x86_64)
   en OpenQA.Selenium.Remote.RemoteWebDriver.UnpackAndThrowOnError(Response errorResponse)
   en OpenQA.Selenium.Remote.RemoteWebDriver.Execute(String driverCommandToExecute, Dictionary`2 parameters)
   en OpenQA.Selenium.Remote.RemoteWebDriver.StartSession(ICapabilities desiredCapabilities)
   en OpenQA.Selenium.Remote.RemoteWebDriver..ctor(ICommandExecutor commandExecutor, ICapabilities desiredCapabilities)
   en OpenQA.Selenium.Chrome.ChromeDriver..ctor(ChromeDriverService service, ChromeOptions options)
   en ServicioCartaPorte.servi.UrenportSelenium_ConChromeHeadless(String directorioDescarga, String dirDriver, Boolean bHeadless, String dirBinary) en C:\Users\Mariano\Documents\pronto\InterfazFlexicapture\prontoflexicapture.cs:línea 8061
   en ProntoWindowsService.Service1.DoWorkSoloPegatinas() en C:\Users\Mariano\Documents\pronto\ProntoWindowsService\Service1.cs:línea 887
WebDriver
__________________________

Log Entry : 
12/15/2017 20:42:55
Error in: . Error Message:hilo #6: System.InvalidOperationException: unknown error: cannot find Chrome binary
  (Driver info: chromedriver=2.33.506120 (e3e53437346286c0bc2d2dc9aa4915ba81d9023f),platform=Windows NT 10.0.16299 x86_64)
   en OpenQA.Selenium.Remote.RemoteWebDriver.UnpackAndThrowOnError(Response errorResponse)
   en OpenQA.Selenium.Remote.RemoteWebDriver.Execute(String driverCommandToExecute, Dictionary`2 parameters)
   en OpenQA.Selenium.Remote.RemoteWebDriver.StartSession(ICapabilities desiredCapabilities)
   en OpenQA.Selenium.Remote.RemoteWebDriver..ctor(ICommandExecutor commandExecutor, ICapabilities desiredCapabilities)
   en OpenQA.Selenium.Chrome.ChromeDriver..ctor(ChromeDriverService service, ChromeOptions options)
   en ServicioCartaPorte.servi.UrenportSelenium_ConChromeHeadless(String directorioDescarga, String dirDriver, Boolean bHeadless, String dirBinary) en C:\Users\Mariano\Documents\pronto\InterfazFlexicapture\prontoflexicapture.cs:línea 8061
   en ProntoWindowsService.Service1.DoWorkSoloPegatinas() en C:\Users\Mariano\Documents\pronto\ProntoWindowsService\Service1.cs:línea 887
__________________________

Log Entry : 
12/15/2017 20:42:55
Error in: . Error Message:System.InvalidOperationException
unknown error: cannot find Chrome binary
  (Driver info: chromedriver=2.33.506120 (e3e53437346286c0bc2d2dc9aa4915ba81d9023f),platform=Windows NT 10.0.16299 x86_64)
   en OpenQA.Selenium.Remote.RemoteWebDriver.UnpackAndThrowOnError(Response errorResponse)
   en OpenQA.Selenium.Remote.RemoteWebDriver.Execute(String driverCommandToExecute, Dictionary`2 parameters)
   en OpenQA.Selenium.Remote.RemoteWebDriver.StartSession(ICapabilities desiredCapabilities)
   en OpenQA.Selenium.Remote.RemoteWebDriver..ctor(ICommandExecutor commandExecutor, ICapabilities desiredCapabilities)
   en OpenQA.Selenium.Chrome.ChromeDriver..ctor(ChromeDriverService service, ChromeOptions options)
   en ServicioCartaPorte.servi.UrenportSelenium_ConChromeHeadless(String directorioDescarga, String dirDriver, Boolean bHeadless, String dirBinary) en C:\Users\Mariano\Documents\pronto\InterfazFlexicapture\prontoflexicapture.cs:línea 8061
   en ProntoWindowsService.Service1.DoWorkSoloPegatinas() en C:\Users\Mariano\Documents\pronto\ProntoWindowsService\Service1.cs:línea 887
WebDriver
__________________________

Log Entry : 
12/15/2017 20:42:59
Error in: . Error Message:hilo #6: System.InvalidOperationException: unknown error: cannot find Chrome binary
  (Driver info: chromedriver=2.33.506120 (e3e53437346286c0bc2d2dc9aa4915ba81d9023f),platform=Windows NT 10.0.16299 x86_64)
   en OpenQA.Selenium.Remote.RemoteWebDriver.UnpackAndThrowOnError(Response errorResponse)
   en OpenQA.Selenium.Remote.RemoteWebDriver.Execute(String driverCommandToExecute, Dictionary`2 parameters)
   en OpenQA.Selenium.Remote.RemoteWebDriver.StartSession(ICapabilities desiredCapabilities)
   en OpenQA.Selenium.Remote.RemoteWebDriver..ctor(ICommandExecutor commandExecutor, ICapabilities desiredCapabilities)
   en OpenQA.Selenium.Chrome.ChromeDriver..ctor(ChromeDriverService service, ChromeOptions options)
   en ServicioCartaPorte.servi.UrenportSelenium_ConChromeHeadless(String directorioDescarga, String dirDriver, Boolean bHeadless, String dirBinary) en C:\Users\Mariano\Documents\pronto\InterfazFlexicapture\prontoflexicapture.cs:línea 8061
   en ProntoWindowsService.Service1.DoWorkSoloPegatinas() en C:\Users\Mariano\Documents\pronto\ProntoWindowsService\Service1.cs:línea 887
__________________________

Log Entry : 
12/15/2017 20:42:59
Error in: . Error Message:System.InvalidOperationException
unknown error: cannot find Chrome binary
  (Driver info: chromedriver=2.33.506120 (e3e53437346286c0bc2d2dc9aa4915ba81d9023f),platform=Windows NT 10.0.16299 x86_64)
   en OpenQA.Selenium.Remote.RemoteWebDriver.UnpackAndThrowOnError(Response errorResponse)
   en OpenQA.Selenium.Remote.RemoteWebDriver.Execute(String driverCommandToExecute, Dictionary`2 parameters)
   en OpenQA.Selenium.Remote.RemoteWebDriver.StartSession(ICapabilities desiredCapabilities)
   en OpenQA.Selenium.Remote.RemoteWebDriver..ctor(ICommandExecutor commandExecutor, ICapabilities desiredCapabilities)
   en OpenQA.Selenium.Chrome.ChromeDriver..ctor(ChromeDriverService service, ChromeOptions options)
   en ServicioCartaPorte.servi.UrenportSelenium_ConChromeHeadless(String directorioDescarga, String dirDriver, Boolean bHeadless, String dirBinary) en C:\Users\Mariano\Documents\pronto\InterfazFlexicapture\prontoflexicapture.cs:línea 8061
   en ProntoWindowsService.Service1.DoWorkSoloPegatinas() en C:\Users\Mariano\Documents\pronto\ProntoWindowsService\Service1.cs:línea 887
WebDriver
__________________________

Log Entry : 
12/15/2017 20:43:02
Error in: . Error Message:hilo #6: System.InvalidOperationException: unknown error: cannot find Chrome binary
  (Driver info: chromedriver=2.33.506120 (e3e53437346286c0bc2d2dc9aa4915ba81d9023f),platform=Windows NT 10.0.16299 x86_64)
   en OpenQA.Selenium.Remote.RemoteWebDriver.UnpackAndThrowOnError(Response errorResponse)
   en OpenQA.Selenium.Remote.RemoteWebDriver.Execute(String driverCommandToExecute, Dictionary`2 parameters)
   en OpenQA.Selenium.Remote.RemoteWebDriver.StartSession(ICapabilities desiredCapabilities)
   en OpenQA.Selenium.Remote.RemoteWebDriver..ctor(ICommandExecutor commandExecutor, ICapabilities desiredCapabilities)
   en OpenQA.Selenium.Chrome.ChromeDriver..ctor(ChromeDriverService service, ChromeOptions options)
   en ServicioCartaPorte.servi.UrenportSelenium_ConChromeHeadless(String directorioDescarga, String dirDriver, Boolean bHeadless, String dirBinary) en C:\Users\Mariano\Documents\pronto\InterfazFlexicapture\prontoflexicapture.cs:línea 8061
   en ProntoWindowsService.Service1.DoWorkSoloPegatinas() en C:\Users\Mariano\Documents\pronto\ProntoWindowsService\Service1.cs:línea 887
__________________________

Log Entry : 
12/15/2017 20:43:02
Error in: . Error Message:System.InvalidOperationException
unknown error: cannot find Chrome binary
  (Driver info: chromedriver=2.33.506120 (e3e53437346286c0bc2d2dc9aa4915ba81d9023f),platform=Windows NT 10.0.16299 x86_64)
   en OpenQA.Selenium.Remote.RemoteWebDriver.UnpackAndThrowOnError(Response errorResponse)
   en OpenQA.Selenium.Remote.RemoteWebDriver.Execute(String driverCommandToExecute, Dictionary`2 parameters)
   en OpenQA.Selenium.Remote.RemoteWebDriver.StartSession(ICapabilities desiredCapabilities)
   en OpenQA.Selenium.Remote.RemoteWebDriver..ctor(ICommandExecutor commandExecutor, ICapabilities desiredCapabilities)
   en OpenQA.Selenium.Chrome.ChromeDriver..ctor(ChromeDriverService service, ChromeOptions options)
   en ServicioCartaPorte.servi.UrenportSelenium_ConChromeHeadless(String directorioDescarga, String dirDriver, Boolean bHeadless, String dirBinary) en C:\Users\Mariano\Documents\pronto\InterfazFlexicapture\prontoflexicapture.cs:línea 8061
   en ProntoWindowsService.Service1.DoWorkSoloPegatinas() en C:\Users\Mariano\Documents\pronto\ProntoWindowsService\Service1.cs:línea 887
WebDriver
__________________________

Log Entry : 
12/15/2017 20:43:06
Error in: . Error Message:hilo #6: System.InvalidOperationException: unknown error: cannot find Chrome binary
  (Driver info: chromedriver=2.33.506120 (e3e53437346286c0bc2d2dc9aa4915ba81d9023f),platform=Windows NT 10.0.16299 x86_64)
   en OpenQA.Selenium.Remote.RemoteWebDriver.UnpackAndThrowOnError(Response errorResponse)
   en OpenQA.Selenium.Remote.RemoteWebDriver.Execute(String driverCommandToExecute, Dictionary`2 parameters)
   en OpenQA.Selenium.Remote.RemoteWebDriver.StartSession(ICapabilities desiredCapabilities)
   en OpenQA.Selenium.Remote.RemoteWebDriver..ctor(ICommandExecutor commandExecutor, ICapabilities desiredCapabilities)
   en OpenQA.Selenium.Chrome.ChromeDriver..ctor(ChromeDriverService service, ChromeOptions options)
   en ServicioCartaPorte.servi.UrenportSelenium_ConChromeHeadless(String directorioDescarga, String dirDriver, Boolean bHeadless, String dirBinary) en C:\Users\Mariano\Documents\pronto\InterfazFlexicapture\prontoflexicapture.cs:línea 8061
   en ProntoWindowsService.Service1.DoWorkSoloPegatinas() en C:\Users\Mariano\Documents\pronto\ProntoWindowsService\Service1.cs:línea 887
__________________________

Log Entry : 
12/15/2017 20:43:06
Error in: . Error Message:System.InvalidOperationException
unknown error: cannot find Chrome binary
  (Driver info: chromedriver=2.33.506120 (e3e53437346286c0bc2d2dc9aa4915ba81d9023f),platform=Windows NT 10.0.16299 x86_64)
   en OpenQA.Selenium.Remote.RemoteWebDriver.UnpackAndThrowOnError(Response errorResponse)
   en OpenQA.Selenium.Remote.RemoteWebDriver.Execute(String driverCommandToExecute, Dictionary`2 parameters)
   en OpenQA.Selenium.Remote.RemoteWebDriver.StartSession(ICapabilities desiredCapabilities)
   en OpenQA.Selenium.Remote.RemoteWebDriver..ctor(ICommandExecutor commandExecutor, ICapabilities desiredCapabilities)
   en OpenQA.Selenium.Chrome.ChromeDriver..ctor(ChromeDriverService service, ChromeOptions options)
   en ServicioCartaPorte.servi.UrenportSelenium_ConChromeHeadless(String directorioDescarga, String dirDriver, Boolean bHeadless, String dirBinary) en C:\Users\Mariano\Documents\pronto\InterfazFlexicapture\prontoflexicapture.cs:línea 8061
   en ProntoWindowsService.Service1.DoWorkSoloPegatinas() en C:\Users\Mariano\Documents\pronto\ProntoWindowsService\Service1.cs:línea 887
WebDriver
__________________________

Log Entry : 
12/15/2017 20:43:06
Error in: . Error Message:hilo #6: ssdssss
__________________________

Log Entry : 
12/15/2017 20:43:06
Error in: . Error Message:hilo #6: Empieza
__________________________

Log Entry : 
12/15/2017 20:43:06
Error in: . Error Message:hilo #6: CONEXION: metadata=res://*/Models.Pronto.csdl|res://*/Models.Pronto.ssdl|res://*/Models.Pronto.msl;provider=System.Data.SqlClient;provider connection string="data source=DESKTOP-TVDQV7C;initial catalog=Williams;persist security info=True;user id=sa;password=.SistemaPronto.;multipleactiveresultsets=True;App=EntityFramework"
__________________________

Log Entry : 
12/15/2017 20:43:09
Error in: . Error Message:hilo #6: System.InvalidOperationException: unknown error: cannot find Chrome binary
  (Driver info: chromedriver=2.33.506120 (e3e53437346286c0bc2d2dc9aa4915ba81d9023f),platform=Windows NT 10.0.16299 x86_64)
   en OpenQA.Selenium.Remote.RemoteWebDriver.UnpackAndThrowOnError(Response errorResponse)
   en OpenQA.Selenium.Remote.RemoteWebDriver.Execute(String driverCommandToExecute, Dictionary`2 parameters)
   en OpenQA.Selenium.Remote.RemoteWebDriver.StartSession(ICapabilities desiredCapabilities)
   en OpenQA.Selenium.Remote.RemoteWebDriver..ctor(ICommandExecutor commandExecutor, ICapabilities desiredCapabilities)
   en OpenQA.Selenium.Chrome.ChromeDriver..ctor(ChromeDriverService service, ChromeOptions options)
   en ServicioCartaPorte.servi.UrenportSelenium_ConChromeHeadless(String directorioDescarga, String dirDriver, Boolean bHeadless, String dirBinary) en C:\Users\Mariano\Documents\pronto\InterfazFlexicapture\prontoflexicapture.cs:línea 8061
   en ProntoWindowsService.Service1.DoWorkSoloPegatinas() en C:\Users\Mariano\Documents\pronto\ProntoWindowsService\Service1.cs:línea 887
__________________________

Log Entry : 
12/15/2017 20:43:09
Error in: . Error Message:System.InvalidOperationException
unknown error: cannot find Chrome binary
  (Driver info: chromedriver=2.33.506120 (e3e53437346286c0bc2d2dc9aa4915ba81d9023f),platform=Windows NT 10.0.16299 x86_64)
   en OpenQA.Selenium.Remote.RemoteWebDriver.UnpackAndThrowOnError(Response errorResponse)
   en OpenQA.Selenium.Remote.RemoteWebDriver.Execute(String driverCommandToExecute, Dictionary`2 parameters)
   en OpenQA.Selenium.Remote.RemoteWebDriver.StartSession(ICapabilities desiredCapabilities)
   en OpenQA.Selenium.Remote.RemoteWebDriver..ctor(ICommandExecutor commandExecutor, ICapabilities desiredCapabilities)
   en OpenQA.Selenium.Chrome.ChromeDriver..ctor(ChromeDriverService service, ChromeOptions options)
   en ServicioCartaPorte.servi.UrenportSelenium_ConChromeHeadless(String directorioDescarga, String dirDriver, Boolean bHeadless, String dirBinary) en C:\Users\Mariano\Documents\pronto\InterfazFlexicapture\prontoflexicapture.cs:línea 8061
   en ProntoWindowsService.Service1.DoWorkSoloPegatinas() en C:\Users\Mariano\Documents\pronto\ProntoWindowsService\Service1.cs:línea 887
WebDriver
__________________________

Log Entry : 
12/15/2017 20:43:13
Error in: . Error Message:hilo #6: System.InvalidOperationException: unknown error: cannot find Chrome binary
  (Driver info: chromedriver=2.33.506120 (e3e53437346286c0bc2d2dc9aa4915ba81d9023f),platform=Windows NT 10.0.16299 x86_64)
   en OpenQA.Selenium.Remote.RemoteWebDriver.UnpackAndThrowOnError(Response errorResponse)
   en OpenQA.Selenium.Remote.RemoteWebDriver.Execute(String driverCommandToExecute, Dictionary`2 parameters)
   en OpenQA.Selenium.Remote.RemoteWebDriver.StartSession(ICapabilities desiredCapabilities)
   en OpenQA.Selenium.Remote.RemoteWebDriver..ctor(ICommandExecutor commandExecutor, ICapabilities desiredCapabilities)
   en OpenQA.Selenium.Chrome.ChromeDriver..ctor(ChromeDriverService service, ChromeOptions options)
   en ServicioCartaPorte.servi.UrenportSelenium_ConChromeHeadless(String directorioDescarga, String dirDriver, Boolean bHeadless, String dirBinary) en C:\Users\Mariano\Documents\pronto\InterfazFlexicapture\prontoflexicapture.cs:línea 8061
   en ProntoWindowsService.Service1.DoWorkSoloPegatinas() en C:\Users\Mariano\Documents\pronto\ProntoWindowsService\Service1.cs:línea 887
__________________________

Log Entry : 
12/15/2017 20:43:13
Error in: . Error Message:System.InvalidOperationException
unknown error: cannot find Chrome binary
  (Driver info: chromedriver=2.33.506120 (e3e53437346286c0bc2d2dc9aa4915ba81d9023f),platform=Windows NT 10.0.16299 x86_64)
   en OpenQA.Selenium.Remote.RemoteWebDriver.UnpackAndThrowOnError(Response errorResponse)
   en OpenQA.Selenium.Remote.RemoteWebDriver.Execute(String driverCommandToExecute, Dictionary`2 parameters)
   en OpenQA.Selenium.Remote.RemoteWebDriver.StartSession(ICapabilities desiredCapabilities)
   en OpenQA.Selenium.Remote.RemoteWebDriver..ctor(ICommandExecutor commandExecutor, ICapabilities desiredCapabilities)
   en OpenQA.Selenium.Chrome.ChromeDriver..ctor(ChromeDriverService service, ChromeOptions options)
   en ServicioCartaPorte.servi.UrenportSelenium_ConChromeHeadless(String directorioDescarga, String dirDriver, Boolean bHeadless, String dirBinary) en C:\Users\Mariano\Documents\pronto\InterfazFlexicapture\prontoflexicapture.cs:línea 8061
   en ProntoWindowsService.Service1.DoWorkSoloPegatinas() en C:\Users\Mariano\Documents\pronto\ProntoWindowsService\Service1.cs:línea 887
WebDriver
__________________________

Log Entry : 
12/15/2017 20:43:17
Error in: . Error Message:hilo #6: System.InvalidOperationException: unknown error: cannot find Chrome binary
  (Driver info: chromedriver=2.33.506120 (e3e53437346286c0bc2d2dc9aa4915ba81d9023f),platform=Windows NT 10.0.16299 x86_64)
   en OpenQA.Selenium.Remote.RemoteWebDriver.UnpackAndThrowOnError(Response errorResponse)
   en OpenQA.Selenium.Remote.RemoteWebDriver.Execute(String driverCommandToExecute, Dictionary`2 parameters)
   en OpenQA.Selenium.Remote.RemoteWebDriver.StartSession(ICapabilities desiredCapabilities)
   en OpenQA.Selenium.Remote.RemoteWebDriver..ctor(ICommandExecutor commandExecutor, ICapabilities desiredCapabilities)
   en OpenQA.Selenium.Chrome.ChromeDriver..ctor(ChromeDriverService service, ChromeOptions options)
   en ServicioCartaPorte.servi.UrenportSelenium_ConChromeHeadless(String directorioDescarga, String dirDriver, Boolean bHeadless, String dirBinary) en C:\Users\Mariano\Documents\pronto\InterfazFlexicapture\prontoflexicapture.cs:línea 8061
   en ProntoWindowsService.Service1.DoWorkSoloPegatinas() en C:\Users\Mariano\Documents\pronto\ProntoWindowsService\Service1.cs:línea 887
__________________________

Log Entry : 
12/15/2017 20:43:17
Error in: . Error Message:System.InvalidOperationException
unknown error: cannot find Chrome binary
  (Driver info: chromedriver=2.33.506120 (e3e53437346286c0bc2d2dc9aa4915ba81d9023f),platform=Windows NT 10.0.16299 x86_64)
   en OpenQA.Selenium.Remote.RemoteWebDriver.UnpackAndThrowOnError(Response errorResponse)
   en OpenQA.Selenium.Remote.RemoteWebDriver.Execute(String driverCommandToExecute, Dictionary`2 parameters)
   en OpenQA.Selenium.Remote.RemoteWebDriver.StartSession(ICapabilities desiredCapabilities)
   en OpenQA.Selenium.Remote.RemoteWebDriver..ctor(ICommandExecutor commandExecutor, ICapabilities desiredCapabilities)
   en OpenQA.Selenium.Chrome.ChromeDriver..ctor(ChromeDriverService service, ChromeOptions options)
   en ServicioCartaPorte.servi.UrenportSelenium_ConChromeHeadless(String directorioDescarga, String dirDriver, Boolean bHeadless, String dirBinary) en C:\Users\Mariano\Documents\pronto\InterfazFlexicapture\prontoflexicapture.cs:línea 8061
   en ProntoWindowsService.Service1.DoWorkSoloPegatinas() en C:\Users\Mariano\Documents\pronto\ProntoWindowsService\Service1.cs:línea 887
WebDriver
__________________________

Log Entry : 
12/15/2017 20:43:22
Error in: . Error Message:hilo #6: System.InvalidOperationException: unknown error: cannot find Chrome binary
  (Driver info: chromedriver=2.33.506120 (e3e53437346286c0bc2d2dc9aa4915ba81d9023f),platform=Windows NT 10.0.16299 x86_64)
   en OpenQA.Selenium.Remote.RemoteWebDriver.UnpackAndThrowOnError(Response errorResponse)
   en OpenQA.Selenium.Remote.RemoteWebDriver.Execute(String driverCommandToExecute, Dictionary`2 parameters)
   en OpenQA.Selenium.Remote.RemoteWebDriver.StartSession(ICapabilities desiredCapabilities)
   en OpenQA.Selenium.Remote.RemoteWebDriver..ctor(ICommandExecutor commandExecutor, ICapabilities desiredCapabilities)
   en OpenQA.Selenium.Chrome.ChromeDriver..ctor(ChromeDriverService service, ChromeOptions options)
   en ServicioCartaPorte.servi.UrenportSelenium_ConChromeHeadless(String directorioDescarga, String dirDriver, Boolean bHeadless, String dirBinary) en C:\Users\Mariano\Documents\pronto\InterfazFlexicapture\prontoflexicapture.cs:línea 8061
   en ProntoWindowsService.Service1.DoWorkSoloPegatinas() en C:\Users\Mariano\Documents\pronto\ProntoWindowsService\Service1.cs:línea 887
__________________________

Log Entry : 
12/15/2017 20:43:22
Error in: . Error Message:System.InvalidOperationException
unknown error: cannot find Chrome binary
  (Driver info: chromedriver=2.33.506120 (e3e53437346286c0bc2d2dc9aa4915ba81d9023f),platform=Windows NT 10.0.16299 x86_64)
   en OpenQA.Selenium.Remote.RemoteWebDriver.UnpackAndThrowOnError(Response errorResponse)
   en OpenQA.Selenium.Remote.RemoteWebDriver.Execute(String driverCommandToExecute, Dictionary`2 parameters)
   en OpenQA.Selenium.Remote.RemoteWebDriver.StartSession(ICapabilities desiredCapabilities)
   en OpenQA.Selenium.Remote.RemoteWebDriver..ctor(ICommandExecutor commandExecutor, ICapabilities desiredCapabilities)
   en OpenQA.Selenium.Chrome.ChromeDriver..ctor(ChromeDriverService service, ChromeOptions options)
   en ServicioCartaPorte.servi.UrenportSelenium_ConChromeHeadless(String directorioDescarga, String dirDriver, Boolean bHeadless, String dirBinary) en C:\Users\Mariano\Documents\pronto\InterfazFlexicapture\prontoflexicapture.cs:línea 8061
   en ProntoWindowsService.Service1.DoWorkSoloPegatinas() en C:\Users\Mariano\Documents\pronto\ProntoWindowsService\Service1.cs:línea 887
WebDriver
__________________________

Log Entry : 
12/15/2017 20:43:35
Error in: . Error Message:System.IO.FileNotFoundException: No se pudo encontrar el archivo 'C:\Users\Mariano\Desktop\urenport.xls'.
Nombre de archivo: 'C:\Users\Mariano\Desktop\urenport.xls'
   en System.IO.__Error.WinIOError(Int32 errorCode, String maybeFullPath)
   en System.IO.File.InternalMove(String sourceFileName, String destFileName, Boolean checkHost)
   en System.IO.File.Move(String sourceFileName, String destFileName)
   en ServicioCartaPorte.servi.UrenportSelenium_ConChromeHeadless(String directorioDescarga, String dirDriver, Boolean bHeadless, String dirBinary) en C:\Users\Mariano\Documents\pronto\InterfazFlexicapture\prontoflexicapture.cs:línea 8110
__________________________

Log Entry : 
12/15/2017 20:43:39
Error in: . Error Message:hilo #6:  Bajado 1
__________________________

Log Entry : 
12/15/2017 20:44:14
Error in: . Error Message:hilo #6:  Bajado 2
__________________________

Log Entry : 
12/15/2017 20:44:14
Error in: . Error Message:hilo #6: busco pegatinas
__________________________

Log Entry : 
12/15/2017 20:44:14
Error in: . Error Message:hilo #6: busco pegatinas
__________________________
